# JRE version: Java(TM) SE Runtime Environment (8.0_91-b14) (build 1.8.0_91-b14)
# Java VM: Java HotSpot(TM) Server VM (25.91-b14 mixed mode linux-x86 )
Heap:
 PSYoungGen      total 65024K, used 5943K [0x9d4c0000, 0xa1b40000, 0xa7000000)
  eden space 58624K, 0% used [0x9d4c0000,0x9d4c0000,0xa0e00000)
  from space 6400K, 92% used [0xa0e00000,0xa13cde20,0xa1440000)
  to   space 5632K, 0% used [0xa1440000,0xa1440000,0xa19c0000)
 ParOldGen       total 20480K, used 9673K [0x89e00000, 0x8b200000, 0x9d4c0000)
  object space 20480K, 47% used [0x89e00000,0x8a7727d8,0x8b200000)
 Metaspace       used 9884K, capacity 10129K, committed 10136K, reserved 10544K
GC Heap History (10 events):
Event: 2,474 GC heap after
Heap after GC invocations=4 (full 0):
 PSYoungGen      total 16640K, used 1264K [0x9d4c0000, 0x9e640000, 0xa7000000)
  eden space 15360K, 0% used [0x9d4c0000,0x9d4c0000,0x9e3c0000)
  from space 1280K, 98% used [0x9e500000,0x9e63c040,0x9e640000)
  to   space 1280K, 0% used [0x9e3c0000,0x9e3c0000,0x9e500000)
 ParOldGen       total 20480K, used 2623K [0x89e00000, 0x8b200000, 0x9d4c0000)
  object space 20480K, 12% used [0x89e00000,0x8a08ff20,0x8b200000)
 Metaspace       used 5129K, capacity 5207K, committed 5272K, reserved 5424K
}
Event: 3,238 GC heap before
{Heap before GC invocations=5 (full 0):
 PSYoungGen      total 16640K, used 16624K [0x9d4c0000, 0x9e640000, 0xa7000000)
  eden space 15360K, 100% used [0x9d4c0000,0x9e3c0000,0x9e3c0000)
  from space 1280K, 98% used [0x9e500000,0x9e63c040,0x9e640000)
  to   space 1280K, 0% used [0x9e3c0000,0x9e3c0000,0x9e500000)
 ParOldGen       total 20480K, used 2623K [0x89e00000, 0x8b200000, 0x9d4c0000)
  object space 20480K, 12% used [0x89e00000,0x8a08ff20,0x8b200000)
 Metaspace       used 6398K, capacity 6465K, committed 6552K, reserved 7472K
Event: 3,255 GC heap after
Heap after GC invocations=5 (full 0):
 PSYoungGen      total 16640K, used 1272K [0x9d4c0000, 0x9f9c0000, 0xa7000000)
  eden space 15360K, 0% used [0x9d4c0000,0x9d4c0000,0x9e3c0000)
  from space 1280K, 99% used [0x9e3c0000,0x9e4fe050,0x9e500000)
  to   space 3584K, 0% used [0x9f640000,0x9f640000,0x9f9c0000)
 ParOldGen       total 20480K, used 4833K [0x89e00000, 0x8b200000, 0x9d4c0000)
  object space 20480K, 23% used [0x89e00000,0x8a2b8670,0x8b200000)
 Metaspace       used 6398K, capacity 6465K, committed 6552K, reserved 7472K
}
Event: 5,290 GC heap before
{Heap before GC invocations=6 (full 0):
 PSYoungGen      total 16640K, used 16632K [0x9d4c0000, 0x9f9c0000, 0xa7000000)
  eden space 15360K, 100% used [0x9d4c0000,0x9e3c0000,0x9e3c0000)
  from space 1280K, 99% used [0x9e3c0000,0x9e4fe050,0x9e500000)
  to   space 3584K, 0% used [0x9f640000,0x9f640000,0x9f9c0000)
 ParOldGen       total 20480K, used 4833K [0x89e00000, 0x8b200000, 0x9d4c0000)
  object space 20480K, 23% used [0x89e00000,0x8a2b8670,0x8b200000)
 Metaspace       used 8514K, capacity 8754K, committed 8856K, reserved 9520K
Event: 5,321 GC heap after
Heap after GC invocations=6 (full 0):
 PSYoungGen      total 33280K, used 3570K [0x9d4c0000, 0x9fbc0000, 0xa7000000)
  eden space 29696K, 0% used [0x9d4c0000,0x9d4c0000,0x9f1c0000)
  from space 3584K, 99% used [0x9f640000,0x9f9bc880,0x9f9c0000)
  to   space 4608K, 0% used [0x9f1c0000,0x9f1c0000,0x9f640000)
 ParOldGen       total 20480K, used 6040K [0x89e00000, 0x8b200000, 0x9d4c0000)
  object space 20480K, 29% used [0x89e00000,0x8a3e6350,0x8b200000)
 Metaspace       used 8514K, capacity 8754K, committed 8856K, reserved 9520K
}
Event: 7,604 GC heap before
{Heap before GC invocations=7 (full 0):
 PSYoungGen      total 33280K, used 33266K [0x9d4c0000, 0x9fbc0000, 0xa7000000)
  eden space 29696K, 100% used [0x9d4c0000,0x9f1c0000,0x9f1c0000)
  from space 3584K, 99% used [0x9f640000,0x9f9bc880,0x9f9c0000)
  to   space 4608K, 0% used [0x9f1c0000,0x9f1c0000,0x9f640000)
 ParOldGen       total 20480K, used 6040K [0x89e00000, 0x8b200000, 0x9d4c0000)
  object space 20480K, 29% used [0x89e00000,0x8a3e6350,0x8b200000)
 Metaspace       used 8875K, capacity 9118K, committed 9240K, reserved 9520K
Event: 7,630 GC heap after
Heap after GC invocations=7 (full 0):
 PSYoungGen      total 34304K, used 4602K [0x9d4c0000, 0xa19c0000, 0xa7000000)
  eden space 29696K, 0% used [0x9d4c0000,0x9d4c0000,0x9f1c0000)
  from space 4608K, 99% used [0x9f1c0000,0x9f63e830,0x9f640000)
  to   space 5632K, 0% used [0xa1440000,0xa1440000,0xa19c0000)
 ParOldGen       total 20480K, used 6691K [0x89e00000, 0x8b200000, 0x9d4c0000)
  object space 20480K, 32% used [0x89e00000,0x8a488d38,0x8b200000)
 Metaspace       used 8875K, capacity 9118K, committed 9240K, reserved 9520K
}
Event: 9,035 GC heap before
{Heap before GC invocations=8 (full 0):
 PSYoungGen      total 34304K, used 34298K [0x9d4c0000, 0xa19c0000, 0xa7000000)
  eden space 29696K, 100% used [0x9d4c0000,0x9f1c0000,0x9f1c0000)
  from space 4608K, 99% used [0x9f1c0000,0x9f63e830,0x9f640000)
  to   space 5632K, 0% used [0xa1440000,0xa1440000,0xa19c0000)
 ParOldGen       total 20480K, used 6691K [0x89e00000, 0x8b200000, 0x9d4c0000)
  object space 20480K, 32% used [0x89e00000,0x8a488d38,0x8b200000)
 Metaspace       used 9008K, capacity 9246K, committed 9368K, reserved 9520K
Event: 9,085 GC heap after
Heap after GC invocations=8 (full 0):
 PSYoungGen      total 64256K, used 5258K [0x9d4c0000, 0xa1b40000, 0xa7000000)
  eden space 58624K, 0% used [0x9d4c0000,0x9d4c0000,0xa0e00000)
  from space 5632K, 93% used [0xa1440000,0xa1962830,0xa19c0000)
  to   space 6400K, 0% used [0xa0e00000,0xa0e00000,0xa1440000)
 ParOldGen       total 20480K, used 7013K [0x89e00000, 0x8b200000, 0x9d4c0000)
  object space 20480K, 34% used [0x89e00000,0x8a4d9558,0x8b200000)
 Metaspace       used 9008K, capacity 9246K, committed 9368K, reserved 9520K
}
Event: 13,765 GC heap before
{Heap before GC invocations=9 (full 0):
 PSYoungGen      total 64256K, used 63882K [0x9d4c0000, 0xa1b40000, 0xa7000000)
  eden space 58624K, 100% used [0x9d4c0000,0xa0e00000,0xa0e00000)
  from space 5632K, 93% used [0xa1440000,0xa1962830,0xa19c0000)
  to   space 6400K, 0% used [0xa0e00000,0xa0e00000,0xa1440000)
 ParOldGen       total 20480K, used 7013K [0x89e00000, 0x8b200000, 0x9d4c0000)
  object space 20480K, 34% used [0x89e00000,0x8a4d9558,0x8b200000)
 Metaspace       used 9884K, capacity 10129K, committed 10136K, reserved 10544K

