# JRE version: Java(TM) SE Runtime Environment (8.0_91-b14) (build 1.8.0_91-b14)
# Java VM: Java HotSpot(TM) Server VM (25.91-b14 mixed mode linux-x86 )
Heap:
 PSYoungGen      total 65024K, used 6145K [0x9d4c0000, 0xa1bc0000, 0xa7000000)
  eden space 58112K, 0% used [0x9d4c0000,0x9d4c0000,0xa0d80000)
  from space 6912K, 88% used [0xa0d80000,0xa13805a0,0xa1440000)
  to   space 6144K, 0% used [0xa1440000,0xa1440000,0xa1a40000)
 ParOldGen       total 20480K, used 10175K [0x89e00000, 0x8b200000, 0x9d4c0000)
  object space 20480K, 49% used [0x89e00000,0x8a7efc18,0x8b200000)
 Metaspace       used 9885K, capacity 10129K, committed 10136K, reserved 10544K
GC Heap History (10 events):
Event: 5,173 GC heap after
Heap after GC invocations=4 (full 0):
 PSYoungGen      total 16640K, used 1272K [0x9d4c0000, 0x9e640000, 0xa7000000)
  eden space 15360K, 0% used [0x9d4c0000,0x9d4c0000,0x9e3c0000)
  from space 1280K, 99% used [0x9e500000,0x9e63e050,0x9e640000)
  to   space 1280K, 0% used [0x9e3c0000,0x9e3c0000,0x9e500000)
 ParOldGen       total 20480K, used 2588K [0x89e00000, 0x8b200000, 0x9d4c0000)
  object space 20480K, 12% used [0x89e00000,0x8a087318,0x8b200000)
 Metaspace       used 5129K, capacity 5207K, committed 5272K, reserved 5424K
}
Event: 5,818 GC heap before
{Heap before GC invocations=5 (full 0):
 PSYoungGen      total 16640K, used 16632K [0x9d4c0000, 0x9e640000, 0xa7000000)
  eden space 15360K, 100% used [0x9d4c0000,0x9e3c0000,0x9e3c0000)
  from space 1280K, 99% used [0x9e500000,0x9e63e050,0x9e640000)
  to   space 1280K, 0% used [0x9e3c0000,0x9e3c0000,0x9e500000)
 ParOldGen       total 20480K, used 2588K [0x89e00000, 0x8b200000, 0x9d4c0000)
  object space 20480K, 12% used [0x89e00000,0x8a087318,0x8b200000)
 Metaspace       used 6404K, capacity 6497K, committed 6552K, reserved 7472K
Event: 5,837 GC heap after
Heap after GC invocations=5 (full 0):
 PSYoungGen      total 16640K, used 1264K [0x9d4c0000, 0x9f9c0000, 0xa7000000)
  eden space 15360K, 0% used [0x9d4c0000,0x9d4c0000,0x9e3c0000)
  from space 1280K, 98% used [0x9e3c0000,0x9e4fc060,0x9e500000)
  to   space 3584K, 0% used [0x9f640000,0x9f640000,0x9f9c0000)
 ParOldGen       total 20480K, used 4847K [0x89e00000, 0x8b200000, 0x9d4c0000)
  object space 20480K, 23% used [0x89e00000,0x8a2bbeb0,0x8b200000)
 Metaspace       used 6404K, capacity 6497K, committed 6552K, reserved 7472K
}
Event: 7,936 GC heap before
{Heap before GC invocations=6 (full 0):
 PSYoungGen      total 16640K, used 16624K [0x9d4c0000, 0x9f9c0000, 0xa7000000)
  eden space 15360K, 100% used [0x9d4c0000,0x9e3c0000,0x9e3c0000)
  from space 1280K, 98% used [0x9e3c0000,0x9e4fc060,0x9e500000)
  to   space 3584K, 0% used [0x9f640000,0x9f640000,0x9f9c0000)
 ParOldGen       total 20480K, used 4847K [0x89e00000, 0x8b200000, 0x9d4c0000)
  object space 20480K, 23% used [0x89e00000,0x8a2bbeb0,0x8b200000)
 Metaspace       used 8514K, capacity 8754K, committed 8856K, reserved 9520K
Event: 7,958 GC heap after
Heap after GC invocations=6 (full 0):
 PSYoungGen      total 33024K, used 3570K [0x9d4c0000, 0x9fc40000, 0xa7000000)
  eden space 29440K, 0% used [0x9d4c0000,0x9d4c0000,0x9f180000)
  from space 3584K, 99% used [0x9f640000,0x9f9bc880,0x9f9c0000)
  to   space 4864K, 0% used [0x9f180000,0x9f180000,0x9f640000)
 ParOldGen       total 20480K, used 6139K [0x89e00000, 0x8b200000, 0x9d4c0000)
  object space 20480K, 29% used [0x89e00000,0x8a3fef90,0x8b200000)
 Metaspace       used 8514K, capacity 8754K, committed 8856K, reserved 9520K
}
Event: 9,958 GC heap before
{Heap before GC invocations=7 (full 0):
 PSYoungGen      total 33024K, used 33010K [0x9d4c0000, 0x9fc40000, 0xa7000000)
  eden space 29440K, 100% used [0x9d4c0000,0x9f180000,0x9f180000)
  from space 3584K, 99% used [0x9f640000,0x9f9bc880,0x9f9c0000)
  to   space 4864K, 0% used [0x9f180000,0x9f180000,0x9f640000)
 ParOldGen       total 20480K, used 6139K [0x89e00000, 0x8b200000, 0x9d4c0000)
  object space 20480K, 29% used [0x89e00000,0x8a3fef90,0x8b200000)
 Metaspace       used 8876K, capacity 9118K, committed 9240K, reserved 9520K
Event: 9,991 GC heap after
Heap after GC invocations=7 (full 0):
 PSYoungGen      total 34304K, used 4848K [0x9d4c0000, 0xa1a40000, 0xa7000000)
  eden space 29440K, 0% used [0x9d4c0000,0x9d4c0000,0x9f180000)
  from space 4864K, 99% used [0x9f180000,0x9f63c020,0x9f640000)
  to   space 6144K, 0% used [0xa1440000,0xa1440000,0xa1a40000)
 ParOldGen       total 20480K, used 7043K [0x89e00000, 0x8b200000, 0x9d4c0000)
  object space 20480K, 34% used [0x89e00000,0x8a4e0f20,0x8b200000)
 Metaspace       used 8876K, capacity 9118K, committed 9240K, reserved 9520K
}
Event: 12,752 GC heap before
{Heap before GC invocations=8 (full 0):
 PSYoungGen      total 34304K, used 34288K [0x9d4c0000, 0xa1a40000, 0xa7000000)
  eden space 29440K, 100% used [0x9d4c0000,0x9f180000,0x9f180000)
  from space 4864K, 99% used [0x9f180000,0x9f63c020,0x9f640000)
  to   space 6144K, 0% used [0xa1440000,0xa1440000,0xa1a40000)
 ParOldGen       total 20480K, used 7043K [0x89e00000, 0x8b200000, 0x9d4c0000)
  object space 20480K, 34% used [0x89e00000,0x8a4e0f20,0x8b200000)
 Metaspace       used 9028K, capacity 9246K, committed 9368K, reserved 9520K
Event: 12,777 GC heap after
Heap after GC invocations=8 (full 0):
 PSYoungGen      total 64256K, used 5592K [0x9d4c0000, 0xa1bc0000, 0xa7000000)
  eden space 58112K, 0% used [0x9d4c0000,0x9d4c0000,0xa0d80000)
  from space 6144K, 91% used [0xa1440000,0xa19b6050,0xa1a40000)
  to   space 6912K, 0% used [0xa0d80000,0xa0d80000,0xa1440000)
 ParOldGen       total 20480K, used 7425K [0x89e00000, 0x8b200000, 0x9d4c0000)
  object space 20480K, 36% used [0x89e00000,0x8a540740,0x8b200000)
 Metaspace       used 9028K, capacity 9246K, committed 9368K, reserved 9520K
}
Event: 24,898 GC heap before
{Heap before GC invocations=9 (full 0):
 PSYoungGen      total 64256K, used 63704K [0x9d4c0000, 0xa1bc0000, 0xa7000000)
  eden space 58112K, 100% used [0x9d4c0000,0xa0d80000,0xa0d80000)
  from space 6144K, 91% used [0xa1440000,0xa19b6050,0xa1a40000)
  to   space 6912K, 0% used [0xa0d80000,0xa0d80000,0xa1440000)
 ParOldGen       total 20480K, used 7425K [0x89e00000, 0x8b200000, 0x9d4c0000)
  object space 20480K, 36% used [0x89e00000,0x8a540740,0x8b200000)
 Metaspace       used 9885K, capacity 10129K, committed 10136K, reserved 10544K

